<?xml version="1.0" encoding="UTF-8"?>
<!-- Generated by org.testng.reporters.JUnitReportReporter -->
<testsuite hostname="Sairams-MacBook-Pro.local" name="BasicMaven.BasicMaven.AppTest" tests="4" failures="0" timestamp="25 Jul 2019 14:36:35 GMT" time="0.018" errors="0">
  <testcase name="sum" time="0.001" classname="BasicMaven.BasicMaven.AppTest"/>
  <testcase name="sub" time="0.001" classname="BasicMaven.BasicMaven.AppTest"/>
  <testcase name="div" time="0.012" classname="BasicMaven.BasicMaven.AppTest"/>
  <testcase name="multiple" time="0.004" classname="BasicMaven.BasicMaven.AppTest"/>
</testsuite> <!-- BasicMaven.BasicMaven.AppTest -->
